<?xml version="1.0" encoding="UTF-8"?>
<testng-results skipped="1" failed="0" total="1" passed="0">
  <reporter-output>
  </reporter-output>
  <suite name="Default suite" duration-ms="229" started-at="2013-02-22T03:51:43Z" finished-at="2013-02-22T03:51:43Z">
    <groups>
    </groups>
    <test name="Default test" duration-ms="229" started-at="2013-02-22T03:51:43Z" finished-at="2013-02-22T03:51:43Z">
      <class name="com.qa.loanA.LoanTestA">
        <test-method status="FAIL" signature="beforeMethod(java.lang.String)[pri:0, instance:com.qa.loanA.LoanTestA@7b2f2476]" name="beforeMethod" is-config="true" duration-ms="0" started-at="2013-02-21T22:51:43Z" finished-at="2013-02-21T22:51:43Z">
          <exception class="org.testng.TestNGException">
            <message>
              <![CDATA[
Parameter 'browser' is required by @Configuration on method beforeMethod but has not been marked @Optional or defined
in C:\Users\Parviz\AppData\Local\Temp\testng-eclipse-899952788\testng-customsuite.xml]]>
            </message>
            <full-stacktrace>
              <![CDATA[org.testng.TestNGException: 
Parameter 'browser' is required by @Configuration on method beforeMethod but has not been marked @Optional or defined
in C:\Users\Parviz\AppData\Local\Temp\testng-eclipse-899952788\testng-customsuite.xml
	at org.testng.internal.Parameters.createParameters(Parameters.java:155)
	at org.testng.internal.Parameters.createParameters(Parameters.java:355)
	at org.testng.internal.Parameters.createConfigurationParameters(Parameters.java:86)
	at org.testng.internal.Invoker.invokeConfigurations(Invoker.java:199)
	at org.testng.internal.Invoker.invokeMethod(Invoker.java:653)
	at org.testng.internal.Invoker.invokeTestMethod(Invoker.java:901)
	at org.testng.internal.Invoker.invokeTestMethods(Invoker.java:1231)
	at org.testng.internal.TestMethodWorker.invokeTestMethods(TestMethodWorker.java:127)
	at org.testng.internal.TestMethodWorker.run(TestMethodWorker.java:111)
	at org.testng.TestRunner.privateRun(TestRunner.java:767)
	at org.testng.TestRunner.run(TestRunner.java:617)
	at org.testng.SuiteRunner.runTest(SuiteRunner.java:334)
	at org.testng.SuiteRunner.runSequentially(SuiteRunner.java:329)
	at org.testng.SuiteRunner.privateRun(SuiteRunner.java:291)
	at org.testng.SuiteRunner.run(SuiteRunner.java:240)
	at org.testng.SuiteRunnerWorker.runSuite(SuiteRunnerWorker.java:52)
	at org.testng.SuiteRunnerWorker.run(SuiteRunnerWorker.java:86)
	at org.testng.TestNG.runSuitesSequentially(TestNG.java:1197)
	at org.testng.TestNG.runSuitesLocally(TestNG.java:1122)
	at org.testng.TestNG.run(TestNG.java:1030)
	at org.testng.remote.RemoteTestNG.run(RemoteTestNG.java:111)
	at org.testng.remote.RemoteTestNG.initAndRun(RemoteTestNG.java:204)
	at org.testng.remote.RemoteTestNG.main(RemoteTestNG.java:175)
]]>
            </full-stacktrace>
          </exception> <!-- org.testng.TestNGException -->
          <reporter-output>
          </reporter-output>
        </test-method> <!-- beforeMethod -->
        <test-method status="SKIP" signature="test()[pri:0, instance:com.qa.loanA.LoanTestA@7b2f2476]" name="test" duration-ms="26" started-at="2013-02-21T22:51:43Z" finished-at="2013-02-21T22:51:43Z">
          <reporter-output>
          </reporter-output>
        </test-method> <!-- test -->
        <test-method status="SKIP" signature="afterMethod()[pri:0, instance:com.qa.loanA.LoanTestA@7b2f2476]" name="afterMethod" is-config="true" duration-ms="0" started-at="2013-02-21T22:51:43Z" finished-at="2013-02-21T22:51:43Z">
          <reporter-output>
          </reporter-output>
        </test-method> <!-- afterMethod -->
      </class> <!-- com.qa.loanA.LoanTestA -->
    </test> <!-- Default test -->
  </suite> <!-- Default suite -->
</testng-results>
